C:\Users\Sardor\AppData\Roaming\Python\Python314\site-packages\board.py:51: UserWarning: pkg_resources is deprecated as an API. See https://setuptools.pypa.io/en/latest/pkg_resources.html. The pkg_resources package is slated for removal as early as 2025-11-30. Refrain from using this package or pin to Setuptools<81.
  import pkg_resources
[THERMAL] thermal dependencies missing: 
                adafruit-platformdetect version 3.88.0 was unable to identify the board and/or
                microcontroller running the Windows platform. Please be sure you
                have the latest packages by running:
                'pip3 install --upgrade adafruit-blinka adafruit-platformdetect'

                If you are running the latest package, your board may not yet be supported. Please
                open a New Issue on GitHub at https://github.com/adafruit/Adafruit_Blinka/issues and
                select New Board Request.
                
INFO:     Started server process [20040]
INFO:     Waiting for application startup.
INFO:main:Face bootstrap done: loaded=3 skipped=0
INFO:     Application startup complete.
INFO:     Uvicorn running on http://0.0.0.0:5000 (Press CTRL+C to quit)
INFO:     127.0.0.1:50748 - "WebSocket /ws/chat" [accepted]
INFO:main:WS /ws/chat connected
INFO:     connection open
INFO:     127.0.0.1:62877 - "WebSocket /ws/thermal" [accepted]
INFO:main:WS /ws/thermal connected
INFO:     connection open
INFO:     connection closed
INFO:     connection closed
INFO:main:WS /ws/thermal disconnected
INFO:     127.0.0.1:54804 - "WebSocket /ws/chat" [accepted]
INFO:main:WS /ws/chat connected
INFO:     connection open
INFO:     127.0.0.1:59095 - "WebSocket /ws/thermal" [accepted]
INFO:main:WS /ws/thermal connected
INFO:     connection open
